2026-01-28 13:46:09,227 [INFO] app: Bot startup successful CHAT_ID is 1112758836
2026-01-28 13:46:41,452 [INFO] app: Bot startup successful CHAT_ID is 1112758836
2026-01-28 13:47:52,371 [INFO] app: Bot startup successful CHAT_ID is 1112758836
2026-01-28 14:02:38,716 [INFO] app.crud: List of published reviews received: 3 (skip=0, limit=100).
2026-01-28 14:02:44,319 [INFO] app.middleware: Payload: {"email":"test@example.com","company":"Тестовая компания ООО","phone":"+79991234567","description":"Тестовое описание задачи для демонстрации работы формы"}
2026-01-28 14:02:44,382 [INFO] app.crud: New application (Lead ID: 3) successfully added to DB.
2026-01-28 14:02:45,888 [INFO] app: Notice for application 3 successfully sent to Telegram.
2026-01-28 14:04:16,383 [INFO] app.middleware: Payload: {"email":"test@example.com","company":"Тестовая компания ООО","phone":"+79991234567","description":"Тестовое описание задачи для демонстрации работы формы"}
2026-01-28 14:04:16,522 [INFO] app.crud: New application (Lead ID: 4) successfully added to DB.
2026-01-28 14:04:17,784 [INFO] app: Notice for application 4 successfully sent to Telegram.
2026-01-28 14:14:51,032 [INFO] app.middleware: Payload: {"email":"test@example.com","company":"Тестовая компания ООО","phone":"+79991234567","description":"Тестовое описание задачи для демонстрации работы формы"}
2026-01-28 14:14:51,154 [INFO] app.crud: New application (Lead ID: 5) successfully added to DB.
2026-01-28 14:14:54,443 [INFO] app: Notice for application 5 successfully sent to Telegram.
2026-01-28 14:15:23,327 [INFO] app.middleware: Payload: {"email":"test@example.com","company":"Тестовая компания ООО","phone":"+79991234567","description":"Тестовое описание задачи для демонстрации работы формы"}
2026-01-28 14:15:23,368 [INFO] app.crud: New application (Lead ID: 6) successfully added to DB.
2026-01-28 14:15:24,609 [INFO] app: Notice for application 6 successfully sent to Telegram.
2026-01-28 14:24:04,464 [INFO] app.crud: List of published reviews received: 3 (skip=0, limit=100).
2026-01-28 14:24:20,231 [INFO] app.middleware: Payload: {"review_text":"Lorem ipsum dolor sit amet, consectetur adipisicing elit. Inventore quos impedit doloribus error quod, quia animi suscipit qui veritatis iste culpa earum vero voluptate. Quis veniam debitis quasi recusandae delectus.","name":"Иванzzzzzzz","company":"Барбершоп \"Ромашка\"","phone":"+7-999-999-99-99","location":"Барбершоп \"Ромашка\""}
2026-01-28 14:24:20,271 [INFO] app.crud: New review (Review ID: 11) successfully added.
2026-01-28 14:24:23,626 [INFO] app: Notice for review 11 successfully sent to Telegram.
2026-01-28 14:27:08,339 [INFO] app.middleware: Payload: {"email":"test@example.com","company":"Тестовая компания ООО","phone":"+79991234567","description":"Тестовое описание задачи для демонстрации работы формы"}
2026-01-28 14:27:08,395 [INFO] app.crud: New application (Lead ID: 7) successfully added to DB.
2026-01-28 14:27:09,623 [INFO] app: Notice for application 7 successfully sent to Telegram.
2026-01-28 14:30:57,167 [INFO] app.crud: List of published reviews received: 3 (skip=0, limit=100).
2026-01-28 14:31:01,162 [INFO] app.middleware: Payload: {"email":"test@example.com","company":"Тестовая компания ООО","phone":"+79991234567","description":"Тестовое описание задачи для демонстрации работы формы"}
2026-01-28 14:31:01,198 [INFO] app.crud: New application (Lead ID: 8) successfully added to DB.
2026-01-28 14:31:02,440 [INFO] app: Notice for application 8 successfully sent to Telegram.
2026-01-28 14:32:29,639 [INFO] app.crud: List of published reviews received: 3 (skip=0, limit=100).
2026-01-28 14:32:35,411 [INFO] app.middleware: Payload: {"email":"test@example.com","company":"Тестовая компания ООО","phone":"+79991234567","description":"Тестовое описание задачи для демонстрации работы формы"}
2026-01-28 14:32:35,450 [INFO] app.crud: New application (Lead ID: 9) successfully added to DB.
2026-01-28 14:32:36,703 [INFO] app: Notice for application 9 successfully sent to Telegram.
2026-01-28 14:32:41,528 [INFO] app.middleware: Payload: {"review_text":"Lorem ipsum dolor sit amet, consectetur adipisicing elit. Inventore quos impedit doloribus error quod, quia animi suscipit qui veritatis iste culpa earum vero voluptate. Quis veniam debitis quasi recusandae delectus.","name":"Иван","company":"Барбершоп \"Ромашка\"","phone":"+7-999-999-99-99","location":"Барбершоп \"Ромашка\""}
2026-01-28 14:32:41,594 [INFO] app.crud: New review (Review ID: 12) successfully added.
2026-01-28 14:32:41,695 [INFO] app: Notice for review 12 successfully sent to Telegram.
